[26/Jun/2026 13:06:13] "GET /login/ HTTP/1.1" 200 4336
[26/Jun/2026 13:06:25] "GET /login/ HTTP/1.1" 200 4336
[26/Jun/2026 13:06:25] "POST /login/ HTTP/1.1" 302 0
[26/Jun/2026 13:06:25] "GET /dashboard/ HTTP/1.1" 200 13911
[26/Jun/2026 13:06:48] "GET /lotes/5/ HTTP/1.1" 200 14010
[26/Jun/2026 13:07:07] "GET /lotes/5/estudiantes/ HTTP/1.1" 200 43164
[26/Jun/2026 13:07:07] "GET /lotes/5/editar/ HTTP/1.1" 200 17972
[26/Jun/2026 13:16:16] "GET /usuarios/ HTTP/1.1" 200 4225
[26/Jun/2026 13:16:18] "GET /dashboard/ HTTP/1.1" 200 13911
[26/Jun/2026 13:16:18] "GET /media/lotes/tmp/plantilla_tres-02.png HTTP/1.1" 304 0
[26/Jun/2026 13:16:18] "GET /media/lotes/tmp/plantilla_certificado_derecho_deportivo_eceVwvy.png HTTP/1.1" 304 0
[26/Jun/2026 13:16:18] "GET /media/lotes/tmp/plantilla_certificado_derecho_deportivo_t9r8mJD.png HTTP/1.1" 304 0
[26/Jun/2026 13:16:29] "GET /usuarios/ HTTP/1.1" 200 4225
[26/Jun/2026 13:16:30] "GET /usuarios/nuevo/ HTTP/1.1" 200 7356
[26/Jun/2026 13:18:25] "POST /usuarios/nuevo/ HTTP/1.1" 302 0
[26/Jun/2026 13:18:25] "GET /usuarios/ HTTP/1.1" 200 5069
[26/Jun/2026 13:21:21] "GET / HTTP/1.1" 302 0
[26/Jun/2026 13:21:21] "GET /dashboard/ HTTP/1.1" 302 0
[26/Jun/2026 13:21:21] "GET /login/?next=/dashboard/ HTTP/1.1" 200 4336
[26/Jun/2026 13:21:34] "POST /login/?next=/dashboard/ HTTP/1.1" 302 0
[26/Jun/2026 13:21:34] "GET /dashboard/ HTTP/1.1" 200 4743
[26/Jun/2026 13:21:38] "GET /lotes/nuevo/ HTTP/1.1" 200 17482
[26/Jun/2026 13:22:29] "POST /lotes/nuevo/ HTTP/1.1" 302 0
[26/Jun/2026 13:22:29] "GET /lotes/6/ HTTP/1.1" 200 13111
[26/Jun/2026 13:22:29] "GET /lotes/6/previsualizar/ HTTP/1.1" 200 221204
[26/Jun/2026 13:22:34] "GET /lotes/6/estudiantes/ HTTP/1.1" 200 43107
[26/Jun/2026 13:22:45] "POST /lotes/6/generar/ HTTP/1.1" 302 0
[26/Jun/2026 13:22:46] "GET /lotes/6/ HTTP/1.1" 200 13644
[26/Jun/2026 13:22:46] "GET /lotes/6/previsualizar/ HTTP/1.1" 200 221204
[26/Jun/2026 13:22:46] "GET /lotes/6/progreso/ HTTP/1.1" 200 96
[26/Jun/2026 13:22:47] "GET /lotes/6/progreso/ HTTP/1.1" 200 96
[26/Jun/2026 13:22:48] "GET /lotes/6/progreso/ HTTP/1.1" 200 96
[26/Jun/2026 13:22:49] "GET /lotes/6/progreso/ HTTP/1.1" 200 96
[26/Jun/2026 13:22:50] "GET /usuarios/ HTTP/1.1" 200 4735
[26/Jun/2026 13:22:50] "GET /lotes/6/progreso/ HTTP/1.1" 200 93
[26/Jun/2026 13:22:51] "GET /dashboard/ HTTP/1.1" 200 17046
[26/Jun/2026 13:22:51] "GET /media/lotes/tmp/plantilla_certificado_derecho_deportivo_mXDQRno.png HTTP/1.1" 200 451487
[26/Jun/2026 13:23:19] "GET /lotes/6/descargar/ HTTP/1.1" 200 11455567
[26/Jun/2026 13:23:54] "GET /dashboard/ HTTP/1.1" 200 17046
[26/Jun/2026 13:23:54] "GET /media/lotes/tmp/plantilla_certificado_derecho_deportivo_mXDQRno.png HTTP/1.1" 304 0
[26/Jun/2026 13:23:55] "GET /usuarios/ HTTP/1.1" 200 4735
[26/Jun/2026 13:23:57] "GET /dashboard/ HTTP/1.1" 200 17046
[26/Jun/2026 13:26:04] "GET /lotes/6/ HTTP/1.1" 200 13723
[26/Jun/2026 13:26:05] "GET /lotes/6/previsualizar/ HTTP/1.1" 200 221204
[26/Jun/2026 13:26:10] "GET /lotes/6/descargar/ HTTP/1.1" 200 11455567
[26/Jun/2026 13:26:27] "GET /lotes/4/ HTTP/1.1" 200 13212
[26/Jun/2026 13:26:28] "GET /lotes/4/previsualizar/ HTTP/1.1" 200 221168
[26/Jun/2026 13:26:29] "POST /lotes/4/generar/ HTTP/1.1" 302 0
[26/Jun/2026 13:26:29] "GET /lotes/4/ HTTP/1.1" 200 13722
[26/Jun/2026 13:26:30] "GET /lotes/4/previsualizar/ HTTP/1.1" 200 221168
[26/Jun/2026 13:26:30] "GET /lotes/4/progreso/ HTTP/1.1" 200 94
[26/Jun/2026 13:26:30] "GET /lotes/4/progreso/ HTTP/1.1" 200 95
[26/Jun/2026 13:26:31] "GET /lotes/4/progreso/ HTTP/1.1" 200 95
[26/Jun/2026 13:26:33] "GET /lotes/4/progreso/ HTTP/1.1" 200 95
[26/Jun/2026 13:26:33] "GET /lotes/4/progreso/ HTTP/1.1" 200 95
[26/Jun/2026 13:26:34] "GET /lotes/4/progreso/ HTTP/1.1" 200 93
[26/Jun/2026 13:26:36] "POST /lotes/4/generar/ HTTP/1.1" 302 0
[26/Jun/2026 13:26:36] "GET /lotes/4/ HTTP/1.1" 200 13722
[26/Jun/2026 13:26:36] "GET /lotes/4/previsualizar/ HTTP/1.1" 200 221168
[26/Jun/2026 13:26:36] "GET /lotes/4/progreso/ HTTP/1.1" 200 93
[26/Jun/2026 13:26:37] "GET /lotes/4/progreso/ HTTP/1.1" 200 95
[26/Jun/2026 13:26:38] "GET /lotes/4/progreso/ HTTP/1.1" 200 95
[26/Jun/2026 13:26:39] "GET /lotes/4/progreso/ HTTP/1.1" 200 95
[26/Jun/2026 13:26:40] "GET /lotes/4/progreso/ HTTP/1.1" 200 95
[26/Jun/2026 13:26:41] "GET /lotes/4/progreso/ HTTP/1.1" 200 93
[26/Jun/2026 13:27:45] "GET /lotes/6/ HTTP/1.1" 200 13723
[26/Jun/2026 13:27:45] "GET /lotes/6/previsualizar/ HTTP/1.1" 200 221204
